<?xml version="1.0" encoding="UTF-8"?>
<testsuite xmlns:xsi="http://www.w3.org/2001/XMLSchema-instance" xsi:noNamespaceSchemaLocation="https://maven.apache.org/surefire/maven-surefire-plugin/xsd/surefire-test-report-3.0.xsd" version="3.0" name="com.example.ratelimiter.service.RateLimiterServiceTest" time="0.77" tests="5" errors="0" skipped="0" failures="0">
  <properties>
[...]
</properties>
  <testcase name="testTryConsumeDenied" classname="com.example.ratelimiter.service.RateLimiterServiceTest" time="0.709"/>
  <testcase name="testTryConsumeAllowed" classname="com.example.ratelimiter.service.RateLimiterServiceTest" time="0.009"/>
  <testcase name="testConfigureRateLimit" classname="com.example.ratelimiter.service.RateLimiterServiceTest" time="0.009">
    <system-out><![CDATA[2026-08-14T22:31:25.003+05:30  INFO 11696 --- [rate-limiter] [           main] c.e.r.service.RateLimiterService         : Configured rate limit for apiKey 'new-key': 15 requests/min
]]></system-out>
  </testcase>
  <testcase name="testResetRateLimit" classname="com.example.ratelimiter.service.RateLimiterServiceTest" time="0.011">
    <system-out><![CDATA[2026-08-14T22:31:25.020+05:30  INFO 11696 --- [rate-limiter] [           main] c.e.r.service.RateLimiterService         : Reset rate limit log for apiKey 'key-to-reset'
]]></system-out>
  </testcase>
  <testcase name="testGetStatusDefaultLimit" classname="com.example.ratelimiter.service.RateLimiterServiceTest" time="0.017"/>
</testsuite>